<?xml version="1.0" encoding="UTF-8"?>
<!-- Generated by org.testng.reporters.JUnitReportReporter -->
<testsuite hostname="Shankar" failures="0" tests="1" name="training.BaseClass" time="0.028" errors="0" timestamp="2024-02-29T20:29:08 IST" skipped="0">
  <testcase classname="training.BaseClass" name="f" time="0.028"/>
  <system-out/>
</testsuite> <!-- training.BaseClass -->
