<?xml version="1.0" encoding="UTF-8"?>
<!-- Generated by org.testng.reporters.JUnitReportReporter -->
<testsuite hostname="Shankar" failures="0" tests="4" name="com.vtiger.Task1" time="101.327" errors="0" timestamp="2024-02-05T09:48:48 IST" skipped="0">
  <testcase classname="com.vtiger.Task1" name="task3" time="19.638"/>
  <system-out/>
  <testcase classname="com.vtiger.Task1" name="task2" time="25.548"/>
  <system-out/>
  <testcase classname="com.vtiger.Task1" name="task4" time="23.852"/>
  <system-out/>
  <testcase classname="com.vtiger.Task1" name="test1" time="32.289"/>
  <system-out/>
</testsuite> <!-- com.vtiger.Task1 -->
